<?xml version="1.0" encoding="UTF-8"?>
<!-- Generated by org.testng.reporters.JUnitReportReporter -->
<testsuite hostname="DESKTOP-651B0CJ" failures="0" tests="1" name="cucumberOptions.TestRunner" time="11.590" errors="0" timestamp="2020-05-30T14:32:23 AMT" skipped="0">
  <testcase classname="cucumberOptions.TestRunner" name="feature" time="11.590"/>
  <system-out/>
</testsuite> <!-- cucumberOptions.TestRunner -->
